This is pdfTeX, Version 3.141592653-2.6-1.40.23 (TeX Live 2021/W32TeX) (preloaded format=pdflatex 2021.8.31)  7 MAR 2022 10:58
entering extended mode
 restricted \write18 enabled.
 file:line:error style messages enabled.
 %&-line parsing enabled.
**Quantum_Computation.tex
(./Quantum_Computation.tex
LaTeX2e <2021-06-01> patch level 1
L3 programming layer <2021-08-27> (c:/texlive/2021/texmf-dist/tex/latex/base/article.cls
Document Class: article 2021/02/12 v1.4n Standard LaTeX document class
(c:/texlive/2021/texmf-dist/tex/latex/base/size10.clo
File: size10.clo 2021/02/12 v1.4n Standard LaTeX file (size option)
)
\c@part=\count182
\c@section=\count183
\c@subsection=\count184
\c@subsubsection=\count185
\c@paragraph=\count186
\c@subparagraph=\count187
\c@figure=\count188
\c@table=\count189
\abovecaptionskip=\skip47
\belowcaptionskip=\skip48
\bibindent=\dimen138
) (c:/texlive/2021/texmf-dist/tex/latex/base/inputenc.sty
Package: inputenc 2021/02/14 v1.3d Input encoding file
\inpenc@prehook=\toks16
\inpenc@posthook=\toks17
) (c:/texlive/2021/texmf-dist/tex/latex/tools/bm.sty
Package: bm 2021/04/25 v1.2e Bold Symbol Support (DPC/FMi)
\symboldoperators=\mathgroup4
\symboldletters=\mathgroup5
\symboldsymbols=\mathgroup6
Package bm Info: No bold for \OMX/cmex/m/n, using \pmb.
LaTeX Font Info:    Redeclaring math alphabet \mathbf on input line 149.
) (c:/texlive/2021/texmf-dist/tex/latex/amsfonts/amssymb.sty
Package: amssymb 2013/01/14 v3.01 AMS font symbols
 (c:/texlive/2021/texmf-dist/tex/latex/amsfonts/amsfonts.sty
Package: amsfonts 2013/01/14 v3.01 Basic AMSFonts support
\@emptytoks=\toks18
\symAMSa=\mathgroup7
\symAMSb=\mathgroup8
LaTeX Font Info:    Redeclaring math symbol \hbar on input line 98.
LaTeX Font Info:    Overwriting math alphabet `\mathfrak' in version `bold'
(Font)                  U/euf/m/n --> U/euf/b/n on input line 106.
)) (c:/texlive/2021/texmf-dist/tex/latex/amsmath/amsmath.sty
Package: amsmath 2021/04/20 v2.17j AMS math features
\@mathmargin=\skip49

For additional information on amsmath, use the `?' option.
(c:/texlive/2021/texmf-dist/tex/latex/amsmath/amstext.sty
Package: amstext 2000/06/29 v2.01 AMS text
 (c:/texlive/2021/texmf-dist/tex/latex/amsmath/amsgen.sty
File: amsgen.sty 1999/11/30 v2.0 generic functions
\@emptytoks=\toks19
\ex@=\dimen139
)) (c:/texlive/2021/texmf-dist/tex/latex/amsmath/amsbsy.sty
Package: amsbsy 1999/11/29 v1.2d Bold Symbols
LaTeX Info: Redefining \boldsymbol on input line 28.
\pmbraise@=\dimen140
) (c:/texlive/2021/texmf-dist/tex/latex/amsmath/amsopn.sty
Package: amsopn 2016/03/08 v2.02 operator names
)
\inf@bad=\count190
LaTeX Info: Redefining \frac on input line 234.
\uproot@=\count191
\leftroot@=\count192
LaTeX Info: Redefining \overline on input line 399.
\classnum@=\count193
\DOTSCASE@=\count194
LaTeX Info: Redefining \ldots on input line 496.
LaTeX Info: Redefining \dots on input line 499.
LaTeX Info: Redefining \cdots on input line 620.
\Mathstrutbox@=\box50
\strutbox@=\box51
\big@size=\dimen141
LaTeX Font Info:    Redeclaring font encoding OML on input line 743.
LaTeX Font Info:    Redeclaring font encoding OMS on input line 744.
\macc@depth=\count195
\c@MaxMatrixCols=\count196
\dotsspace@=\muskip16
\c@parentequation=\count197
\dspbrk@lvl=\count198
\tag@help=\toks20
\row@=\count199
\column@=\count266
\maxfields@=\count267
\andhelp@=\toks21
\eqnshift@=\dimen142
\alignsep@=\dimen143
\tagshift@=\dimen144
\tagwidth@=\dimen145
\totwidth@=\dimen146
\lineht@=\dimen147
\@envbody=\toks22
\multlinegap=\skip50
\multlinetaggap=\skip51
\mathdisplay@stack=\toks23
LaTeX Info: Redefining \[ on input line 2923.
LaTeX Info: Redefining \] on input line 2924.
) (c:/texlive/2021/texmf-dist/tex/latex/braket/braket.sty) (c:/texlive/2021/texmf-dist/tex/latex/qcircuit/qcircuit.sty
Package: qcircuit 2018/08/14
 (c:/texlive/2021/texmf-dist/tex/generic/xypic/xy.sty (c:/texlive/2021/texmf-dist/tex/generic/xypic/xy.tex Bootstrap'ing: catcodes, docmode, (c:/texlive/2021/texmf-dist/tex/generic/xypic/xyrecat.tex) (c:/texlive/2021/texmf-dist/tex/generic/xypic/xyidioms.tex)

 Xy-pic version 3.8.9 <2013/10/06>
 Copyright (c) 1991-2013 by Kristoffer H. Rose <krisrose@tug.org> and others
 Xy-pic is free software: see the User's Guide for details.

Loading kernel: messages; fonts; allocations: state,
\X@c=\dimen148
\Y@c=\dimen149
\U@c=\dimen150
\D@c=\dimen151
\L@c=\dimen152
\R@c=\dimen153
\Edge@c=\toks24
\X@p=\dimen154
\Y@p=\dimen155
\U@p=\dimen156
\D@p=\dimen157
\L@p=\dimen158
\R@p=\dimen159
\Edge@p=\toks25
\X@origin=\dimen160
\Y@origin=\dimen161
\X@xbase=\dimen162
\Y@xbase=\dimen163
\X@ybase=\dimen164
\Y@ybase=\dimen165
\X@min=\dimen166
\Y@min=\dimen167
\X@max=\dimen168
\Y@max=\dimen169
\lastobjectbox@=\box52
\zerodotbox@=\box53
\almostz@=\dimen170
 direction,
\d@X=\dimen171
\d@Y=\dimen172
\K@=\count268
\KK@=\count269
\Direction=\count270
\K@dXdY=\dimen173
\K@dYdX=\dimen174
\xyread@=\read2
\xywrite@=\write3
\csp@=\count271
\quotPTK@=\dimen175
 utility macros; pictures: \xy, positions,
\swaptoks@@=\toks26
\connectobjectbox@@=\box54
 objects,
\styletoks@=\toks27
 decorations; kernel objects: directionals, circles, text; options; algorithms: directions, edges, connections;  Xy-pic loaded) (c:/texlive/2021/texmf-dist/tex/generic/iftex/ifpdf.sty
Package: ifpdf 2019/10/25 v3.4 ifpdf legacy package. Use iftex instead.
 (c:/texlive/2021/texmf-dist/tex/generic/iftex/iftex.sty
Package: iftex 2020/03/06 v1.0d TeX engine tests
))
Package: xy 2013/10/06 Xy-pic version 3.8.9
 (c:/texlive/2021/texmf-dist/tex/generic/xypic/xypdf.tex  Xy-pic option: PDF driver v.1.7 loaded)) (c:/texlive/2021/texmf-dist/tex/generic/xypic/xymatrix.tex  Xy-pic option: Matrix feature v.3.14
\Row=\count272
\Col=\count273
\queue@=\toks28
\queue@@=\toks29
\qcount@=\count274
\qcount@@=\count275
\matrixsize@=\count276
 loaded) (c:/texlive/2021/texmf-dist/tex/generic/xypic/xyframe.tex  Xy-pic option: Frame and Bracket extension v.3.14 loaded) Xy-pic pdf driver: `frame' extension support (c:/texlive/2021/texmf-dist/tex/generic/xypic/xypdf-fr.tex (c:/texlive/2021/texmf-dist/tex/generic/xypic/xycurve.tex  Xy-pic option: Curve and Spline extension v.3.12 curve,
\crv@cnt@=\count277
\crvpts@=\toks30
\splinebox@=\box55
\splineval@=\dimen176
\splinedepth@=\dimen177
\splinetol@=\dimen178
\splinelength@=\dimen179
 circles,
\L@=\dimen180
 loaded) Xy-pic pdf driver: `curve' extension support (c:/texlive/2021/texmf-dist/tex/generic/xypic/xypdf-cu.tex loaded) loaded) (c:/texlive/2021/texmf-dist/tex/generic/xypic/xyarrow.tex  Xy-pic option: Arrow and Path feature v.3.9 path, \ar, loaded) (c:/texlive/2021/texmf-dist/tex/generic/xypic/xyarc.tex  Xy-pic option: Circle, Ellipse, Arc feature v.3.8 circles, ellipses, elliptical arcs, loaded)) (c:/texlive/2021/texmf-dist/tex/latex/cancel/cancel.sty
Package: cancel 2013/04/12 v2.2 Cancel math terms
) (c:/texlive/2021/texmf-dist/tex/latex/l3backend/l3backend-pdftex.def
File: l3backend-pdftex.def 2021-08-04 L3 backend support: PDF output (pdfTeX)
\l__color_backend_stack_int=\count278
\l__pdf_internal_box=\box56
) (./Quantum_Computation.aux)
\openout1 = `Quantum_Computation.aux'.

LaTeX Font Info:    Checking defaults for OML/cmm/m/it on input line 13.
LaTeX Font Info:    ... okay on input line 13.
LaTeX Font Info:    Checking defaults for OMS/cmsy/m/n on input line 13.
LaTeX Font Info:    ... okay on input line 13.
LaTeX Font Info:    Checking defaults for OT1/cmr/m/n on input line 13.
LaTeX Font Info:    ... okay on input line 13.
LaTeX Font Info:    Checking defaults for T1/cmr/m/n on input line 13.
LaTeX Font Info:    ... okay on input line 13.
LaTeX Font Info:    Checking defaults for TS1/cmr/m/n on input line 13.
LaTeX Font Info:    ... okay on input line 13.
LaTeX Font Info:    Checking defaults for OMX/cmex/m/n on input line 13.
LaTeX Font Info:    ... okay on input line 13.
LaTeX Font Info:    Checking defaults for U/cmr/m/n on input line 13.
LaTeX Font Info:    ... okay on input line 13.
LaTeX Font Info:    Trying to load font information for U+msa on input line 13.
 (c:/texlive/2021/texmf-dist/tex/latex/amsfonts/umsa.fd
File: umsa.fd 2013/01/14 v3.01 AMS symbols A
)
LaTeX Font Info:    Trying to load font information for U+msb on input line 13.
 (c:/texlive/2021/texmf-dist/tex/latex/amsfonts/umsb.fd
File: umsb.fd 2013/01/14 v3.01 AMS symbols B
)
Package xypdf Info: Line width: 0.39998pt on input line 13.

Underfull \hbox (badness 10000) in paragraph at lines 18--24

 []


Underfull \hbox (badness 10000) in paragraph at lines 18--24

 []


Underfull \hbox (badness 10000) in paragraph at lines 18--24

 []

[1

{c:/texlive/2021/texmf-var/fonts/map/pdftex/updmap/pdftex.map}]
Underfull \hbox (badness 10000) in paragraph at lines 50--51

 []


Overfull \hbox (33.11705pt too wide) detected at line 62
\OML/cmm/m/it/10 QFT [] \OT1/cmr/m/n/10 = [] [] [] \OML/cmm/m/it/10 ![] [] \OT1/cmr/m/n/10 = [] [] \OML/cmm/m/it/10 ![] []
 []

[2]
Underfull \hbox (badness 10000) in paragraph at lines 77--82

 []


Underfull \hbox (badness 10000) in paragraph at lines 77--82

 []


Underfull \hbox (badness 10000) in paragraph at lines 77--82

 []


Underfull \hbox (badness 10000) in paragraph at lines 82--84

 []


Underfull \hbox (badness 10000) in paragraph at lines 89--91

 []

[3]
Underfull \hbox (badness 10000) in paragraph at lines 103--106

 []

[4]
./Quantum_Computation.tex:127: Undefined control sequence.
l.127 U(x_0) \ket{\chi_k} = \fraC
                                 {1}{\sqrt{M}} \sum_{l=0}^{M-1} e^{-2\pi i l...
The control sequence at the end of the top line
of your error message was never \def'ed. If you have
misspelled it (e.g., `\hobx'), type `I' and the correct
spelling (e.g., `I\hbox'). Otherwise just continue,
and I'll forget about whatever was undefined.

./Quantum_Computation.tex:127: Undefined control sequence.
l.127 ...i i l \frac{k}{M}} \ket{l + x_0} =  \fraC
                                                  {1}{\sqrt{M}} \sum_{\tilde...
The control sequence at the end of the top line
of your error message was never \def'ed. If you have
misspelled it (e.g., `\hobx'), type `I' and the correct
spelling (e.g., `I\hbox'). Otherwise just continue,
and I'll forget about whatever was undefined.


Overfull \hbox (20.19667pt too wide) detected at line 128
\OML/cmm/m/it/10 U\OT1/cmr/m/n/10 (\OML/cmm/m/it/10 x[]\OT1/cmr/m/n/10 ) [] = 1[] [] \OML/cmm/m/it/10 e[] [] \OT1/cmr/m/n/10 = 1[] [] \OML/cmm/m/it/10 e[] [] \OT1/cmr/m/n/10 = \OML/cmm/m/it/10 e[] []
 []


./Quantum_Computation.tex:136: LaTeX Error: Environment itemise undefined.

See the LaTeX manual or LaTeX Companion for explanation.
Type  H <return>  for immediate help.
 ...                                              
                                                  
l.136 \begin{itemise}
                     
Your command was ignored.
Type  I <command> <return>  to replace it with another command,
or  <return>  to continue without it.


./Quantum_Computation.tex:137: LaTeX Error: Lonely \item--perhaps a missing list environment.

See the LaTeX manual or LaTeX Companion for explanation.
Type  H <return>  for immediate help.
 ...                                              
                                                  
l.137 \item $
             f$ is constant on (left) cosets of $K$ in $G$
Try typing  <return>  to proceed.
If that doesn't work, type  X <return>  to quit.


./Quantum_Computation.tex:138: LaTeX Error: Lonely \item--perhaps a missing list environment.

See the LaTeX manual or LaTeX Companion for explanation.
Type  H <return>  for immediate help.
 ...                                              
                                                  
l.138 \item $
             f$ is distinct on distinct cosets
Try typing  <return>  to proceed.
If that doesn't work, type  X <return>  to quit.


./Quantum_Computation.tex:139: LaTeX Error: \begin{document} ended by \end{itemise}.

See the LaTeX manual or LaTeX Companion for explanation.
Type  H <return>  for immediate help.
 ...                                              
                                                  
l.139 \end{itemise}
                   \\\\
Your command was ignored.
Type  I <command> <return>  to replace it with another command,
or  <return>  to continue without it.


Underfull \hbox (badness 10000) in paragraph at lines 138--144

 []


Underfull \hbox (badness 10000) in paragraph at lines 138--144

 []

./Quantum_Computation.tex:154: Undefined control sequence.
l.154 ..._1) = (a_2, b_2) + \lambda( y, 1), \lmbda
                                                   \in \mathbb{Z}_{p-1}$:
The control sequence at the end of the top line
of your error message was never \def'ed. If you have
misspelled it (e.g., `\hobx'), type `I' and the correct
spelling (e.g., `I\hbox'). Otherwise just continue,
and I'll forget about whatever was undefined.


Underfull \hbox (badness 10000) in paragraph at lines 160--167

 []


Underfull \hbox (badness 10000) in paragraph at lines 160--167

 []


Underfull \hbox (badness 10000) in paragraph at lines 160--167

 []


Underfull \hbox (badness 10000) in paragraph at lines 160--167

 []

[5]
Underfull \hbox (badness 10000) in paragraph at lines 173--178

 []

[6]
Underfull \hbox (badness 10000) in paragraph at lines 194--198

 []


Underfull \hbox (badness 10000) in paragraph at lines 223--227

 []

[7]
Underfull \hbox (badness 10000) in paragraph at lines 247--251

 []

LaTeX Font Info:    Trying to load font information for OMS+cmr on input line 255.
(c:/texlive/2021/texmf-dist/tex/latex/base/omscmr.fd
File: omscmr.fd 2019/12/16 v2.5j Standard LaTeX font definitions
)
LaTeX Font Info:    Font shape `OMS/cmr/m/n' in size <10> not available
(Font)              Font shape `OMS/cmsy/m/n' tried instead on input line 255.

./Quantum_Computation.tex:255: Missing $ inserted.
<inserted text> 
                $
l.255 ...G|} \otimes \mathcal{H}_{|X|}, $\{\ket{g}
                                                  \ket{x}\}_{g \in G, x \in ...
I've inserted a begin-math/end-math symbol since I think
you left one out. Proceed, with fingers crossed.


./Quantum_Computation.tex:256: LaTeX Error: Environment itemlist undefined.

See the LaTeX manual or LaTeX Companion for explanation.
Type  H <return>  for immediate help.
 ...                                              
                                                  
l.256 \begin{itemlist}
                      
Your command was ignored.
Type  I <command> <return>  to replace it with another command,
or  <return>  to continue without it.


Underfull \hbox (badness 10000) in paragraph at lines 254--257

 []


./Quantum_Computation.tex:257: LaTeX Error: Lonely \item--perhaps a missing list environment.

See the LaTeX manual or LaTeX Companion for explanation.
Type  H <return>  for immediate help.
 ...                                              
                                                  
l.257 \item C
             reate a state $\frac{1}{\sqrt{|G|}} \sum_{g \in G} \ket{g} \ket...
Try typing  <return>  to proceed.
If that doesn't work, type  X <return>  to quit.


./Quantum_Computation.tex:258: LaTeX Error: Command \item invalid in math mode.

See the LaTeX manual or LaTeX Companion for explanation.
Type  H <return>  for immediate help.
 ...                                              
                                                  
l.258 \item
            Apply $U_f$ and $\frac{1}{\sqrt{|G|}}\sum_{g \in G} \ket{g} \ket...
Try typing  <return>  to proceed.
If that doesn't work, type  X <return>  to quit.


./Quantum_Computation.tex:258: LaTeX Error: Something's wrong--perhaps a missing \item.

See the LaTeX manual or LaTeX Companion for explanation.
Type  H <return>  for immediate help.
 ...                                              
                                                  
l.258 \item A
             pply $U_f$ and $\frac{1}{\sqrt{|G|}}\sum_{g \in G} \ket{g} \ket...
Try typing  <return>  to proceed.
If that doesn't work, type  X <return>  to quit.


./Quantum_Computation.tex:258: LaTeX Error: Something's wrong--perhaps a missing \item.

See the LaTeX manual or LaTeX Companion for explanation.
Type  H <return>  for immediate help.
 ...                                              
                                                  
l.258 \item A
             pply $U_f$ and $\frac{1}{\sqrt{|G|}}\sum_{g \in G} \ket{g} \ket...
Try typing  <return>  to proceed.
If that doesn't work, type  X <return>  to quit.


./Quantum_Computation.tex:258: LaTeX Error: Lonely \item--perhaps a missing list environment.

See the LaTeX manual or LaTeX Companion for explanation.
Type  H <return>  for immediate help.
 ...                                              
                                                  
l.258 \item A
             pply $U_f$ and $\frac{1}{\sqrt{|G|}}\sum_{g \in G} \ket{g} \ket...
Try typing  <return>  to proceed.
If that doesn't work, type  X <return>  to quit.

./Quantum_Computation.tex:258: Missing $ inserted.
<inserted text> 
                $
l.258 \item Apply $U_
                     f$ and $\frac{1}{\sqrt{|G|}}\sum_{g \in G} \ket{g} \ket...
I've inserted a begin-math/end-math symbol since I think
you left one out. Proceed, with fingers crossed.


./Quantum_Computation.tex:259: LaTeX Error: Command \item invalid in math mode.

See the LaTeX manual or LaTeX Companion for explanation.
Type  H <return>  for immediate help.
 ...                                              
                                                  
l.259         \item
                    Measure the second register to get $f(g_0)$. The first r...
Try typing  <return>  to proceed.
If that doesn't work, type  X <return>  to quit.

./Quantum_Computation.tex:259: Missing $ inserted.
<inserted text> 
                $
l.259         \item M
                     easure the second register to get $f(g_0)$. The first r...
I've inserted a begin-math/end-math symbol since I think
you left one out. Proceed, with fingers crossed.


./Quantum_Computation.tex:259: LaTeX Error: Lonely \item--perhaps a missing list environment.

See the LaTeX manual or LaTeX Companion for explanation.
Type  H <return>  for immediate help.
 ...                                              
                                                  
l.259         \item M
                     easure the second register to get $f(g_0)$. The first r...
Try typing  <return>  to proceed.
If that doesn't work, type  X <return>  to quit.


./Quantum_Computation.tex:263: LaTeX Error: Lonely \item--perhaps a missing list environment.

See the LaTeX manual or LaTeX Companion for explanation.
Type  H <return>  for immediate help.
 ...                                              
                                                  
l.263         \item a
                     pply QFT and measure to get a result $g \in G$
Try typing  <return>  to proceed.
If that doesn't work, type  X <return>  to quit.


./Quantum_Computation.tex:264: LaTeX Error: \begin{document} ended by \end{itemlist}.

See the LaTeX manual or LaTeX Companion for explanation.
Type  H <return>  for immediate help.
 ...                                              
                                                  
l.264 \end{itemlist}
                    
Your command was ignored.
Type  I <command> <return>  to replace it with another command,
or  <return>  to continue without it.

[8]
./Quantum_Computation.tex:290: Missing } inserted.
<inserted text> 
                }
l.290 ..._1 b_1}{M_1} + ... + \frac{l_q b_q}{M_q}$
                                                  \\
I've inserted something that you may have forgotten.
(See the <inserted text> above.)
With luck, this will get me unwedged. But if you
really didn't forget anything, try typing `2' now; then
my insertion and my current dilemma will both disappear.


Underfull \hbox (badness 10000) in paragraph at lines 285--292

 []


Underfull \hbox (badness 10000) in paragraph at lines 285--292

 []

[9]
Underfull \hbox (badness 10000) in paragraph at lines 296--306

 []

./Quantum_Computation.tex:309: Extra }, or forgotten $.
l.309 ... these irreps $\chi_{i,jk} = \sum_g\in G}
                                                   \bar{\chi}_{i,jk} (g) \ke...
I've deleted a group-closing symbol because it seems to be
spurious, as in `$x}$'. But perhaps the } is legitimate and
you forgot something else, as in `\hbox{$x}'. In such cases
the way to recover is to insert both the forgotten and the
deleted material, e.g., by typing `I$}'.

./Quantum_Computation.tex:318: Undefined control sequence.
<recently read> \texbtf 
                        
l.318 \texbtf
             {Some partial results}:\\
The control sequence at the end of the top line
of your error message was never \def'ed. If you have
misspelled it (e.g., `\hobx'), type `I' and the correct
spelling (e.g., `I\hbox'). Otherwise just continue,
and I'll forget about whatever was undefined.

./Quantum_Computation.tex:319: Undefined control sequence.
l.319 For normal subgroups $gk = kg \for
                                         g \in G$ we have a theorem proven b...
The control sequence at the end of the top line
of your error message was never \def'ed. If you have
misspelled it (e.g., `\hobx'), type `I' and the correct
spelling (e.g., `I\hbox'). Otherwise just continue,
and I'll forget about whatever was undefined.


Underfull \hbox (badness 10000) in paragraph at lines 308--323

 []


Underfull \hbox (badness 10000) in paragraph at lines 308--323

 []

[10]
Underfull \hbox (badness 10000) in paragraph at lines 337--340

 []

<xymatrix 8x3 1192> [11] <xymatrix 5x5 795>
Underfull \hbox (badness 10000) in paragraph at lines 360--363

 []


Underfull \hbox (badness 10000) in paragraph at lines 360--363

 []


Underfull \hbox (badness 10000) in paragraph at lines 369--372

 []


Underfull \hbox (badness 10000) in paragraph at lines 374--380

 []


Underfull \hbox (badness 10000) in paragraph at lines 381--387

 []


Underfull \hbox (badness 10000) in paragraph at lines 381--387

 []


Underfull \hbox (badness 10000) in paragraph at lines 381--387

 []

[12]
Overfull \hbox (16.29697pt too wide) detected at line 401
\OML/cmm/m/it/10 Prob\OT1/cmr/m/n/10 (\OML/cmm/m/it/10 see y\OT1/cmr/m/n/10 ) = []\OMS/cmsy/m/n/10 j [] \OML/cmm/m/it/10 e[]\OMS/cmsy/m/n/10 j[] \OT1/cmr/m/n/10 = [][] = [][]
 []

./Quantum_Computation.tex:410: Missing } inserted.
<inserted text> 
                }
l.410 ... $\sin(\alpha/2) \geq \frac{\alpha/ \pi}$
                                                  \\\\
I've inserted something that you may have forgotten.
(See the <inserted text> above.)
With luck, this will get me unwedged. But if you
really didn't forget anything, try typing `2' now; then
my insertion and my current dilemma will both disappear.

./Quantum_Computation.tex:410: Too many }'s.
\frac  #1#2->{\begingroup #1\endgroup \@@over #2}
                                                 
l.410 ... $\sin(\alpha/2) \geq \frac{\alpha/ \pi}$
                                                  \\\\
You've closed more groups than you opened.
Such booboos are generally harmless, so keep going.


Underfull \hbox (badness 10000) in paragraph at lines 405--412

 []


Underfull \hbox (badness 10000) in paragraph at lines 405--412

 []


Underfull \hbox (badness 10000) in paragraph at lines 414--419

 []


Underfull \hbox (badness 10000) in paragraph at lines 414--419

 []


Underfull \hbox (badness 10000) in paragraph at lines 414--419

 []

[13]
Underfull \hbox (badness 10000) in paragraph at lines 425--429

 []


Underfull \hbox (badness 10000) in paragraph at lines 425--429

 []

[14]
./Quantum_Computation.tex:446: Undefined control sequence.
l.446 for any $\ket{\beta} \prep
                                 \ket{\alpha}$\\\\
The control sequence at the end of the top line
of your error message was never \def'ed. If you have
misspelled it (e.g., `\hobx'), type `I' and the correct
spelling (e.g., `I\hbox'). Otherwise just continue,
and I'll forget about whatever was undefined.


Underfull \hbox (badness 10000) in paragraph at lines 445--449

 []


Underfull \hbox (badness 10000) in paragraph at lines 445--449

 []

./Quantum_Computation.tex:462: Undefined control sequence.
l.462 ...a unique element $x_0 \in B_1$ with $f(\x
                                                  _0) = 1$. Problem is to fi...
The control sequence at the end of the top line
of your error message was never \def'ed. If you have
misspelled it (e.g., `\hobx'), type `I' and the correct
spelling (e.g., `I\hbox'). Otherwise just continue,
and I'll forget about whatever was undefined.


Underfull \hbox (badness 10000) in paragraph at lines 459--464

 []


Underfull \hbox (badness 10000) in paragraph at lines 459--464

 []


Underfull \hbox (badness 10000) in paragraph at lines 459--464

 []


Underfull \hbox (badness 10000) in paragraph at lines 465--471

 []


./Quantum_Computation.tex:477: LaTeX Error: Environment itemlist undefined.

See the LaTeX manual or LaTeX Companion for explanation.
Type  H <return>  for immediate help.
 ...                                              
                                                  
l.477 \begin{itemlist}
                      
Your command was ignored.
Type  I <command> <return>  to replace it with another command,
or  <return>  to continue without it.


Underfull \hbox (badness 10000) in paragraph at lines 473--478

 []


Underfull \hbox (badness 10000) in paragraph at lines 473--478

 []

[15]

./Quantum_Computation.tex:478: LaTeX Error: Lonely \item--perhaps a missing list environment.

See the LaTeX manual or LaTeX Companion for explanation.
Type  H <return>  for immediate help.
 ...                                              
                                                  
l.478 \item M
             ake $\ket{\psi_0}$\\
Try typing  <return>  to proceed.
If that doesn't work, type  X <return>  to quit.


Underfull \hbox (badness 10000) in paragraph at lines 478--479

 []


./Quantum_Computation.tex:479: LaTeX Error: Lonely \item--perhaps a missing list environment.

See the LaTeX manual or LaTeX Companion for explanation.
Type  H <return>  for immediate help.
 ...                                              
                                                  
l.479 \item A
             pply $Q$ $m$ times where $m = \frac{\arccos \frac{1}{\sqrt{N}}}...
Try typing  <return>  to proceed.
If that doesn't work, type  X <return>  to quit.


Underfull \hbox (badness 10000) in paragraph at lines 479--480

 []


./Quantum_Computation.tex:480: LaTeX Error: Lonely \item--perhaps a missing list environment.

See the LaTeX manual or LaTeX Companion for explanation.
Type  H <return>  for immediate help.
 ...                                              
                                                  
l.480 \item M
             easure to see $x_0$ with high probability $1- \frac{1}{N}$
Try typing  <return>  to proceed.
If that doesn't work, type  X <return>  to quit.


./Quantum_Computation.tex:481: LaTeX Error: \begin{document} ended by \end{itemlist}.

See the LaTeX manual or LaTeX Companion for explanation.
Type  H <return>  for immediate help.
 ...                                              
                                                  
l.481 \end{itemlist}
                    
Your command was ignored.
Type  I <command> <return>  to replace it with another command,
or  <return>  to continue without it.


Underfull \hbox (badness 10000) in paragraph at lines 480--484

 []

./Quantum_Computation.tex:485: Undefined control sequence.
l.485 ...') of state space $\mathcal{H}$ $G^{\prep
                                                  }$ be its orthogonal compl...
The control sequence at the end of the top line
of your error message was never \def'ed. If you have
misspelled it (e.g., `\hobx'), type `I' and the correct
spelling (e.g., `I\hbox'). Otherwise just continue,
and I'll forget about whatever was undefined.

./Quantum_Computation.tex:485: Undefined control sequence.
l.485 ...bspace') $\mathcal{H} = G \oplus G^{\prep
                                                  }$\\\\
The control sequence at the end of the top line
of your error message was never \def'ed. If you have
misspelled it (e.g., `\hobx'), type `I' and the correct
spelling (e.g., `I\hbox'). Otherwise just continue,
and I'll forget about whatever was undefined.

./Quantum_Computation.tex:486: Undefined control sequence.
l.486 ...t{b}, \ket{g} \in G, \ket{b} \in G^{\prep
                                                  }$\\
The control sequence at the end of the top line
of your error message was never \def'ed. If you have
misspelled it (e.g., `\hobx'), type `I' and the correct
spelling (e.g., `I\hbox'). Otherwise just continue,
and I'll forget about whatever was undefined.


Underfull \hbox (badness 10000) in paragraph at lines 485--488

 []

[16]
./Quantum_Computation.tex:518: Missing $ inserted.
<inserted text> 
                $
l.518 As we apply $Q$ n $times we get $Q^
                                         {n} \ket{\psi} = \sin (2n+1) \theta...
I've inserted a begin-math/end-math symbol since I think
you left one out. Proceed, with fingers crossed.

./Quantum_Computation.tex:518: Missing $ inserted.
<inserted text> 
                $
l.518 ... (2n+1) \theta \ket{b}. If we measure $Q^
                                                  {n}$ in $\{ \ket{b}, \ket{...
I've inserted a begin-math/end-math symbol since I think
you left one out. Proceed, with fingers crossed.

./Quantum_Computation.tex:518: Missing $ inserted.
<inserted text> 
                $
l.518 ...rest integer to $n = \frac{\pi}{4 \theta}
                                                   - \frac{1}{2}$ we will be...
I've inserted a begin-math/end-math symbol since I think
you left one out. Proceed, with fingers crossed.

./Quantum_Computation.tex:518: Missing $ inserted.
<inserted text> 
                $
l.518 ...rest integer to $n = \frac{\pi}{4 \theta}
                                                   - \frac{1}{2}$ we will be...
I've inserted something that you may have forgotten.
(See the <inserted text> above.)
With luck, this will get me unwedged. But if you
really didn't forget anything, try typing `2' now; then
my insertion and my current dilemma will both disappear.

./Quantum_Computation.tex:518: Missing $ inserted.
<inserted text> 
                $
l.518 ...rest integer to $n = \frac{\pi}{4 \theta}
                                                   - \frac{1}{2}$ we will be...
I've inserted a begin-math/end-math symbol since I think
you left one out. Proceed, with fingers crossed.

./Quantum_Computation.tex:518: Extra }, or forgotten $.
\frac  #1#2->{\begingroup #1\endgroup \@@over #2}
                                                 
l.518 ...rest integer to $n = \frac{\pi}{4 \theta}
                                                   - \frac{1}{2}$ we will be...
I've deleted a group-closing symbol because it seems to be
spurious, as in `$x}$'. But perhaps the } is legitimate and
you forgot something else, as in `\hbox{$x}'. In such cases
the way to recover is to insert both the forgotten and the
deleted material, e.g., by typing `I$}'.


Overfull \hbox (31.06769pt too wide) in paragraph at lines 517--523
\OT1/cmr/m/n/10 As we ap-ply $\OML/cmm/m/it/10 Q$ \OT1/cmr/m/n/10 n $\OML/cmm/m/it/10 timesweget$\OT1/cmr/m/n/10 Q$[] [] = [](2\OML/cmm/m/it/10 n \OT1/cmr/m/n/10 + 1)\OML/cmm/m/it/10 ^^R [] \OT1/cmr/m/n/10 + [](2\OML/cmm/m/it/10 n \OT1/cmr/m/n/10 + 1)\OML/cmm/m/it/10 ^^R [] :Ifwemeasure$\OT1/cmr/m/n/10 Q$[]$
 []


Underfull \hbox (badness 10000) in paragraph at lines 517--523

 []


Underfull \hbox (badness 10000) in paragraph at lines 517--523

 []


Underfull \hbox (badness 10000) in paragraph at lines 517--523

 []


Underfull \hbox (badness 10000) in paragraph at lines 517--523

 []


Underfull \hbox (badness 10000) in paragraph at lines 525--530

 []


Underfull \hbox (badness 10000) in paragraph at lines 525--530

 []


Underfull \hbox (badness 10000) in paragraph at lines 525--530

 []


Underfull \hbox (badness 10000) in paragraph at lines 534--536

 []

[17]
Underfull \hbox (badness 10000) in paragraph at lines 542--546

 []


Underfull \hbox (badness 10000) in paragraph at lines 548--554

 []


Underfull \hbox (badness 10000) in paragraph at lines 548--554

 []


Underfull \hbox (badness 10000) in paragraph at lines 548--554

 []


Underfull \hbox (badness 10000) in paragraph at lines 548--554

 []


Overfull \hbox (0.48416pt too wide) in paragraph at lines 548--554
\OT1/cmr/bx/n/10 We can't just dis-card ad-di-toinal reg-is-ters like $[][] \OML/cmm/m/it/10 ^^U[] [] []$ \OT1/cmr/bx/n/10 to $[][] \OML/cmm/m/it/10 ^^U[] []$
 []

[18]
Underfull \hbox (badness 10000) in paragraph at lines 559--562

 []

./Quantum_Computation.tex:569: Undefined control sequence.
l.569 ...t $\theta = \arcsin \frac{1}{2} = \frfrac
                                                  {\pi}{6}$ and one applicat...
The control sequence at the end of the top line
of your error message was never \def'ed. If you have
misspelled it (e.g., `\hobx'), type `I' and the correct
spelling (e.g., `I\hbox'). Otherwise just continue,
and I'll forget about whatever was undefined.

./Quantum_Computation.tex:572: Missing $ inserted.
<inserted text> 
                $
l.572 \ket{00.00}
                 . The final state is $A \ket{00...000}$.\\
I've inserted a begin-math/end-math symbol since I think
you left one out. Proceed, with fingers crossed.

./Quantum_Computation.tex:572: Missing $ inserted.
<inserted text> 
                $
l.572 ...00}. The final state is $A \ket{00...000}
                                                  $.\\
I've inserted a begin-math/end-math symbol since I think
you left one out. Proceed, with fingers crossed.


Underfull \hbox (badness 10000) in paragraph at lines 567--580

 []


Underfull \hbox (badness 10000) in paragraph at lines 567--580

 []


Underfull \hbox (badness 10000) in paragraph at lines 567--580

 []


Underfull \hbox (badness 10000) in paragraph at lines 582--592

 []


Underfull \hbox (badness 10000) in paragraph at lines 582--592

 []


Underfull \hbox (badness 10000) in paragraph at lines 582--592

 []


Underfull \hbox (badness 10000) in paragraph at lines 582--592

 []

[19]
./Quantum_Computation.tex:608: Missing $ inserted.
<inserted text> 
                $
l.608 
      
I've inserted a begin-math/end-math symbol since I think
you left one out. Proceed, with fingers crossed.

[20]
./Quantum_Computation.tex:624: Extra }, or forgotten $.
l.624 ...{\theta}{\pi}$ or $1- \frac{\theta}{\pi}}
                                                  $ with probability $\frac{...
I've deleted a group-closing symbol because it seems to be
spurious, as in `$x}$'. But perhaps the } is legitimate and
you forgot something else, as in `\hbox{$x}'. In such cases
the way to recover is to insert both the forgotten and the
deleted material, e.g., by typing `I$}'.


Underfull \hbox (badness 10000) in paragraph at lines 623--627

 []


Underfull \hbox (badness 10000) in paragraph at lines 628--631

 []

[21]
Overfull \hbox (15.99045pt too wide) in paragraph at lines 642--646
\OT1/cmr/m/n/10 norm) $\OMS/cmsy/m/n/10 jj\OML/cmm/m/it/10 A\OMS/cmsy/m/n/10 jj \OT1/cmr/m/n/10 = [][] \OMS/cmsy/m/n/10 jj\OML/cmm/m/it/10 A [] \OMS/cmsy/m/n/10 jj \OT1/cmr/m/n/10 = \OMS/cmsy/m/n/10 j$\OT1/cmr/m/n/10 maximium eigenvalue|$(\OML/cmm/m/it/10 if$\OT1/cmr/m/n/10 A$\OML/cmm/m/it/10 isdiagonalisable\OT1/cmr/m/n/10 )$. 
 []


Underfull \hbox (badness 10000) in paragraph at lines 648--653

 []


Underfull \hbox (badness 10000) in paragraph at lines 648--653

 []


Underfull \hbox (badness 10000) in paragraph at lines 655--659

 []


Underfull \hbox (badness 10000) in paragraph at lines 667--671

 []

[22]
Underfull \hbox (badness 10000) in paragraph at lines 672--677

 []


Underfull \hbox (badness 10000) in paragraph at lines 672--677

 []


Underfull \hbox (badness 10000) in paragraph at lines 672--677

 []


Underfull \hbox (badness 10000) in paragraph at lines 679--687

 []

[23]
Overfull \hbox (35.00684pt too wide) detected at line 693
\OML/cmm/m/it/10 e[]e[] \OT1/cmr/m/n/10 = (\OML/cmm/m/it/10 I \OMS/cmsy/m/n/10 ^^@ \OML/cmm/m/it/10 iA \OT1/cmr/m/n/10 + \OML/cmm/m/it/10 O\OT1/cmr/m/n/10 (\OML/cmm/m/it/10 K[]\OT1/cmr/m/n/10 ))(\OML/cmm/m/it/10 I \OMS/cmsy/m/n/10 ^^@ \OML/cmm/m/it/10 iB \OT1/cmr/m/n/10 + \OML/cmm/m/it/10 O\OT1/cmr/m/n/10 (\OML/cmm/m/it/10 K[]\OT1/cmr/m/n/10 )) = \OML/cmm/m/it/10 I \OMS/cmsy/m/n/10 ^^@ \OML/cmm/m/it/10 i\OT1/cmr/m/n/10 (\OML/cmm/m/it/10 A \OT1/cmr/m/n/10 + \OML/cmm/m/it/10 B\OT1/cmr/m/n/10 ) + \OML/cmm/m/it/10 O\OT1/cmr/m/n/10 (\OML/cmm/m/it/10 K[]\OT1/cmr/m/n/10 ) = \OML/cmm/m/it/10 e[] \OT1/cmr/m/n/10 + \OML/cmm/m/it/10 O\OT1/cmr/m/n/10 (\OML/cmm/m/it/10 K[]\OT1/cmr/m/n/10 )
 []


Overfull \hbox (110.89072pt too wide) detected at line 708
\OML/cmm/m/it/10 e[]e[]:::e[] \OT1/cmr/m/n/10 = \OML/cmm/m/it/10 e[] \OT1/cmr/m/n/10 + \OML/cmm/m/it/10 O\OT1/cmr/m/n/10 (\OML/cmm/m/it/10 k[]\OT1/cmr/m/n/10 ) + \OML/cmm/m/it/10 O\OT1/cmr/m/n/10 ((2\OML/cmm/m/it/10 k\OT1/cmr/m/n/10 )[])) + \OML/cmm/m/it/10 ::: \OT1/cmr/m/n/10 + \OML/cmm/m/it/10 O\OT1/cmr/m/n/10 (((\OML/cmm/m/it/10 m \OMS/cmsy/m/n/10 ^^@ \OT1/cmr/m/n/10 1)\OML/cmm/m/it/10 k\OT1/cmr/m/n/10 )[]) = \OML/cmm/m/it/10 e[] \OT1/cmr/m/n/10 + \OML/cmm/m/it/10 O\OT1/cmr/m/n/10 (\OML/cmm/m/it/10 m[]k[]\OT1/cmr/m/n/10 )
 []

./Quantum_Computation.tex:717: Missing $ inserted.
<inserted text> 
                $
l.717 Then || e^
                {-i \frac{H_1t}{N}} ... e^{- i\frac{H_nt}{N}} - e^{-i(H_1 t ...
I've inserted a begin-math/end-math symbol since I think
you left one out. Proceed, with fingers crossed.

./Quantum_Computation.tex:723: Undefined control sequence.
l.723 \sections
               {Lecture 12}
The control sequence at the end of the top line
of your error message was never \def'ed. If you have
misspelled it (e.g., `\hobx'), type `I' and the correct
spelling (e.g., `I\hbox'). Otherwise just continue,
and I'll forget about whatever was undefined.


Underfull \hbox (badness 10000) in paragraph at lines 720--724

 []

[24]
./Quantum_Computation.tex:738: Missing $ inserted.
<inserted text> 
                $
l.738 \textbf{QMA}: A prmise problem $L = (L_
                                             0,L_1,L_*)$ is in the class $QM...
I've inserted a begin-math/end-math symbol since I think
you left one out. Proceed, with fingers crossed.


Underfull \hbox (badness 10000) in paragraph at lines 728--745

 []


Underfull \hbox (badness 10000) in paragraph at lines 728--745

 []


Underfull \hbox (badness 10000) in paragraph at lines 728--745

 []

[25]
Underfull \hbox (badness 10000) in paragraph at lines 752--764

 []


Underfull \hbox (badness 10000) in paragraph at lines 752--764

 []


Underfull \hbox (badness 10000) in paragraph at lines 752--764

 []


Underfull \hbox (badness 10000) in paragraph at lines 752--764

 []


Underfull \hbox (badness 10000) in paragraph at lines 768--779

 []


Underfull \hbox (badness 10000) in paragraph at lines 768--779

 []


Underfull \hbox (badness 10000) in paragraph at lines 768--779

 []


Underfull \hbox (badness 10000) in paragraph at lines 768--779

 []


Underfull \hbox (badness 10000) in paragraph at lines 768--779

 []

[26]
Underfull \hbox (badness 10000) in paragraph at lines 787--796

 []


Underfull \hbox (badness 10000) in paragraph at lines 787--796

 []

[27]
Underfull \hbox (badness 10000) in paragraph at lines 799--806

 []


Overfull \hbox (197.42538pt too wide) detected at line 808
\OT1/cmr/m/n/10 1 \OMS/cmsy/m/n/10 ^^T jj [] ^^@ \OML/cmm/m/it/10 C[] [] \OMS/cmsy/m/n/10 jj \OT1/cmr/m/n/10 = \OMS/cmsy/m/n/10 jj\OML/cmm/m/it/10 sum[]U[] \OMS/cmsy/m/n/10 ^^@ \OML/cmm/m/it/10 U[] [] \OMS/cmsy/m/n/10 ^^@ \OML/cmm/m/it/10 U[]:::U[] [] \OMS/cmsy/m/n/10 jj ^^T [] jj\OML/cmm/m/it/10 U[]:::U[] [] \OMS/cmsy/m/n/10 ^^@ \OML/cmm/m/it/10 U[]:::U[] [] \OMS/cmsy/m/n/10 jj \OT1/cmr/m/n/10 = [] \OMS/cmsy/m/n/10 jj [] ^^@ \OML/cmm/m/it/10 U[] [] \OMS/cmsy/m/n/10 jj
 []


Overfull \hbox (167.22833pt too wide) detected at line 812
[] \OML/cmm/m/it/10 H [] \OT1/cmr/m/n/10 = [] [] \OML/cmm/m/it/10 H[] [] \OT1/cmr/m/n/10 = [][] [] \OMS/cmsy/m/n/10 jj [] ^^@ \OML/cmm/m/it/10 U[] [] \OMS/cmsy/m/n/10 jj[] ^^U []\OT1/cmr/m/n/10 ([] \OMS/cmsy/m/n/10 jj [] ^^@ \OML/cmm/m/it/10 U[] [] \OMS/cmsy/m/n/10 jj[]\OT1/cmr/m/n/10 ) \OMS/cmsy/m/n/10 ^^U [] \OT1/cmr/m/n/10 = \OML/cmm/m/it/10 b
 []


Underfull \hbox (badness 10000) in paragraph at lines 814--816

 []


Underfull \hbox (badness 10000) in paragraph at lines 814--816

 []


Underfull \hbox (badness 10000) in paragraph at lines 814--816

 []

[28]
./Quantum_Computation.tex:824: Double subscript.
l.824 ...et{110} \bra{100}_{C_{t-1} C_t C_{t+1}} _
                                                   U^{\dagger}_t \otimes \ke...
I treat `x_1_2' essentially like `x_1{}_2'.

./Quantum_Computation.tex:824: Double subscript.
l.824 ...100}_{C_{t-1} C_t C_{t+1}} _ U^{\dagger}_
                                                  t \otimes \ket{100} \bra{1...
I treat `x_1_2' essentially like `x_1{}_2'.


Overfull \hbox (134.70079pt too wide) detected at line 825
\OML/cmm/m/it/10 H[] \OT1/cmr/m/n/10 = [](\OML/cmm/m/it/10 I \OMS/cmsy/m/n/10 
 [] [][] \OT1/cmr/m/n/10 + \OML/cmm/m/it/10 I \OMS/cmsy/m/n/10 
 [] [][] ^^@ \OML/cmm/m/it/10 U[] \OMS/cmsy/m/n/10 
 [] [][] [][] 
 [] [][]\OT1/cmr/m/n/10 )
 []

./Quantum_Computation.tex:846: Undefined control sequence.
<argument> \poly 
                 (n)
l.846 ...ses hold and $b-a \geq \frac{1}{\poly(n)}
                                                  $.\\\\
The control sequence at the end of the top line
of your error message was never \def'ed. If you have
misspelled it (e.g., `\hobx'), type `I' and the correct
spelling (e.g., `I\hbox'). Otherwise just continue,
and I'll forget about whatever was undefined.


Underfull \hbox (badness 10000) in paragraph at lines 838--852

 []


Underfull \hbox (badness 10000) in paragraph at lines 838--852

 []


Underfull \hbox (badness 10000) in paragraph at lines 838--852

 []


Underfull \hbox (badness 10000) in paragraph at lines 838--852

 []


Underfull \hbox (badness 10000) in paragraph at lines 838--852

 []

[29]
./Quantum_Computation.tex:861: Undefined control sequence.
<argument> \lamdba 
                   _{max}
l.861 ...a = | \frac{\lamdba_{max}}{\lambda_{min}}
                                                  |$ (this tells us how clos...
The control sequence at the end of the top line
of your error message was never \def'ed. If you have
misspelled it (e.g., `\hobx'), type `I' and the correct
spelling (e.g., `I\hbox'). Otherwise just continue,
and I'll forget about whatever was undefined.

./Quantum_Computation.tex:862: Undefined control sequence.
<recently read> \lamdbda 
                         
l.862 ...to have $\lambda_{max} =1$ then $\lamdbda
                                                  _{min} = \frac{1}{\kappa}$...
The control sequence at the end of the top line
of your error message was never \def'ed. If you have
misspelled it (e.g., `\hobx'), type `I' and the correct
spelling (e.g., `I\hbox'). Otherwise just continue,
and I'll forget about whatever was undefined.


Underfull \hbox (badness 10000) in paragraph at lines 853--863

 []


Underfull \hbox (badness 10000) in paragraph at lines 853--863

 []


Underfull \hbox (badness 10000) in paragraph at lines 853--863

 []


Underfull \hbox (badness 10000) in paragraph at lines 853--863

 []

[30]
./Quantum_Computation.tex:865: Undefined control sequence.
<argument> \lamdba 
                   _j
l.865 ...m_{j=0}^{N-1} \beta_j \frac{1}{\lamdba_j}
                                                   \ket{u_i}$. THis transfor...
The control sequence at the end of the top line
of your error message was never \def'ed. If you have
misspelled it (e.g., `\hobx'), type `I' and the correct
spelling (e.g., `I\hbox'). Otherwise just continue,
and I'll forget about whatever was undefined.


./Quantum_Computation.tex:865: LaTeX Error: Environment itemlist undefined.

See the LaTeX manual or LaTeX Companion for explanation.
Type  H <return>  for immediate help.
 ...                                              
                                                  
l.865 ...d unitary transformation.\begin{itemlist}
                                                  \item  PE with hamiltonian...
Your command was ignored.
Type  I <command> <return>  to replace it with another command,
or  <return>  to continue without it.


Underfull \hbox (badness 10000) in paragraph at lines 864--865

 []


./Quantum_Computation.tex:865: LaTeX Error: Lonely \item--perhaps a missing list environment.

See the LaTeX manual or LaTeX Companion for explanation.
Type  H <return>  for immediate help.
 ...                                              
                                                  
l.865 ...y transformation.\begin{itemlist}\item  P
                                                  E with hamiltonian simulat...
Try typing  <return>  to proceed.
If that doesn't work, type  X <return>  to quit.


Underfull \hbox (badness 10000) in paragraph at lines 865--866

 []


./Quantum_Computation.tex:866: LaTeX Error: Lonely \item--perhaps a missing list environment.

See the LaTeX manual or LaTeX Companion for explanation.
Type  H <return>  for immediate help.
 ...                                              
                                                  
l.866                 \item N
                             ext we will adjoin an extra ancilla qubit $\ket...
Try typing  <return>  to proceed.
If that doesn't work, type  X <return>  to quit.

./Quantum_Computation.tex:866: Undefined control sequence.
<argument> \lamdba 
                   _j
l.866 ...rotation ( controlled by $\ket{\lamdba_j}
                                                  $ register)\\
The control sequence at the end of the top line
of your error message was never \def'ed. If you have
misspelled it (e.g., `\hobx'), type `I' and the correct
spelling (e.g., `I\hbox'). Otherwise just continue,
and I'll forget about whatever was undefined.


Underfull \hbox (badness 10000) in paragraph at lines 866--867

 []


./Quantum_Computation.tex:867: LaTeX Error: Lonely \item--perhaps a missing list environment.

See the LaTeX manual or LaTeX Companion for explanation.
Type  H <return>  for immediate help.
 ...                                              
                                                  
l.867                 \item C
                             -rotation does
Try typing  <return>  to proceed.
If that doesn't work, type  X <return>  to quit.

./Quantum_Computation.tex:869: Undefined control sequence.
<argument> \lamdba 
                   _j
l.869 ...\ket{\lambda_j} \ket{1} = \ket{\lamdba_j}
                                                  ( \cos \theta_j \ket{0} + ...
The control sequence at the end of the top line
of your error message was never \def'ed. If you have
misspelled it (e.g., `\hobx'), type `I' and the correct
spelling (e.g., `I\hbox'). Otherwise just continue,
and I'll forget about whatever was undefined.


Underfull \hbox (badness 10000) in paragraph at lines 870--872

 []


Underfull \hbox (badness 10000) in paragraph at lines 870--872

 []


Underfull \hbox (badness 10000) in paragraph at lines 870--872

 []

[31]

./Quantum_Computation.tex:872: LaTeX Error: Lonely \item--perhaps a missing list environment.

See the LaTeX manual or LaTeX Companion for explanation.
Type  H <return>  for immediate help.
 ...                                              
                                                  
l.872                 \item A
                             pply controlled rotation:
Try typing  <return>  to proceed.
If that doesn't work, type  X <return>  to quit.


Underfull \hbox (badness 10000) in paragraph at lines 875--877

 []


./Quantum_Computation.tex:877: LaTeX Error: Lonely \item--perhaps a missing list environment.

See the LaTeX manual or LaTeX Companion for explanation.
Type  H <return>  for immediate help.
 ...                                              
                                                  
l.877                 \item W
                             e measure the ancilla (hoping to get the result...
Try typing  <return>  to proceed.
If that doesn't work, type  X <return>  to quit.

./Quantum_Computation.tex:877: Undefined control sequence.
<argument>  \lamdba 
                    _j
l.877 ...{c}{\lambda_j} \ket{u_j} \ket{ \lamdba_j}
                                                   ||^2 = \sum_j |\beta_j \f...
The control sequence at the end of the top line
of your error message was never \def'ed. If you have
misspelled it (e.g., `\hobx'), type `I' and the correct
spelling (e.g., `I\hbox'). Otherwise just continue,
and I'll forget about whatever was undefined.

./Quantum_Computation.tex:877: Undefined control sequence.
<argument> \lamdba 
                   _j
l.877 ...|^2 = \sum_j |\beta_j \frac{c}{\lamdba_j}
                                                  |^2 = \frac{1}{k^2} \sum_j...
The control sequence at the end of the top line
of your error message was never \def'ed. If you have
misspelled it (e.g., `\hobx'), type `I' and the correct
spelling (e.g., `I\hbox'). Otherwise just continue,
and I'll forget about whatever was undefined.

./Quantum_Computation.tex:879: Undefined control sequence.
<argument> \lamdba 
                   _j
l.879 ...sum_{j=1}^{N-1} \frac{\beta_j}{\lamdba_j}
                                                   \ket{u_j} \ket{\lambda_j}
The control sequence at the end of the top line
of your error message was never \def'ed. If you have
misspelled it (e.g., `\hobx'), type `I' and the correct
spelling (e.g., `I\hbox'). Otherwise just continue,
and I'll forget about whatever was undefined.


Underfull \hbox (badness 10000) in paragraph at lines 880--884

 []


Underfull \hbox (badness 10000) in paragraph at lines 880--884

 []


Underfull \hbox (badness 10000) in paragraph at lines 880--884

 []


./Quantum_Computation.tex:884: LaTeX Error: Lonely \item--perhaps a missing list environment.

See the LaTeX manual or LaTeX Companion for explanation.
Type  H <return>  for immediate help.
 ...                                              
                                                  
l.884 \item H
             aving obtained $\ket{\gamma}$ we run the inverse phase estimati...
Try typing  <return>  to proceed.
If that doesn't work, type  X <return>  to quit.

./Quantum_Computation.tex:884: Undefined control sequence.
<argument> \lamdba 
                   _j
l.884 ...sum_{j=0}^{N-1} \frac{\beta_j}{\lamdba_j}
                                                   \ket{u_j} = \frac{c}{\sqr...
The control sequence at the end of the top line
of your error message was never \def'ed. If you have
misspelled it (e.g., `\hobx'), type `I' and the correct
spelling (e.g., `I\hbox'). Otherwise just continue,
and I'll forget about whatever was undefined.


./Quantum_Computation.tex:885: LaTeX Error: Command \item invalid in math mode.

See the LaTeX manual or LaTeX Companion for explanation.
Type  H <return>  for immediate help.
 ...                                              
                                                  
l.885 \item
            Finally, we will perform a measuremnt of observable $M$ on $\ket...
Try typing  <return>  to proceed.
If that doesn't work, type  X <return>  to quit.


./Quantum_Computation.tex:885: LaTeX Error: Something's wrong--perhaps a missing \item.

See the LaTeX manual or LaTeX Companion for explanation.
Type  H <return>  for immediate help.
 ...                                              
                                                  
l.885 \item F
             inally, we will perform a measuremnt of observable $M$ on $\ket...
Try typing  <return>  to proceed.
If that doesn't work, type  X <return>  to quit.


./Quantum_Computation.tex:885: LaTeX Error: Something's wrong--perhaps a missing \item.

See the LaTeX manual or LaTeX Companion for explanation.
Type  H <return>  for immediate help.
 ...                                              
                                                  
l.885 \item F
             inally, we will perform a measuremnt of observable $M$ on $\ket...
Try typing  <return>  to proceed.
If that doesn't work, type  X <return>  to quit.


./Quantum_Computation.tex:885: LaTeX Error: Lonely \item--perhaps a missing list environment.

See the LaTeX manual or LaTeX Companion for explanation.
Type  H <return>  for immediate help.
 ...                                              
                                                  
l.885 \item F
             inally, we will perform a measuremnt of observable $M$ on $\ket...
Try typing  <return>  to proceed.
If that doesn't work, type  X <return>  to quit.

./Quantum_Computation.tex:885: Missing $ inserted.
<inserted text> 
                $
l.885 ...uremnt of observable $M$ on $\ket{\hat x}
                                                  $ to estimate its mean val...
I've inserted a begin-math/end-math symbol since I think
you left one out. Proceed, with fingers crossed.


./Quantum_Computation.tex:887: LaTeX Error: \begin{document} ended by \end{itemlist}.

See the LaTeX manual or LaTeX Companion for explanation.
Type  H <return>  for immediate help.
 ...                                              
                                                  
l.887  \end{itemlist}
                     
Your command was ignored.
Type  I <command> <return>  to replace it with another command,
or  <return>  to continue without it.


Overfull \hbox (1.6191pt too wide) in paragraph at lines 884--888
\OML/cmm/m/it/10 Finally; wewillperformameasuremntofobservable$\OT1/cmr/m/n/10 M$\OML/cmm/m/it/10 on$$[]$ \OT1/cmr/m/n/10 to es-ti-mate its mean
 []


Underfull \hbox (badness 10000) in paragraph at lines 884--888

 []

[32]
./Quantum_Computation.tex:894: Undefined control sequence.
<recently read> \lamdba 
                        
l.894 ...-bit approximation $\lambda'$ is $\lamdba
                                                  $ up to additive error $\e...
The control sequence at the end of the top line
of your error message was never \def'ed. If you have
misspelled it (e.g., `\hobx'), type `I' and the correct
spelling (e.g., `I\hbox'). Otherwise just continue,
and I'll forget about whatever was undefined.


Underfull \hbox (badness 10000) in paragraph at lines 891--898

 []


Overfull \hbox (14.84357pt too wide) in paragraph at lines 891--898
\OT1/cmr/m/n/10 done us-ing hamil-to-nian simual-tion for s-spare ma-tri-ces with cir-cuit size $\OML/cmm/m/it/10 O\OT1/cmr/m/n/10 ([] \OML/cmm/m/it/10 Nts[]\OT1/cmr/m/n/10 )$.
 []


Underfull \hbox (badness 10000) in paragraph at lines 891--898

 []

./Quantum_Computation.tex:899: Undefined control sequence.
<argument> \lamdba 
                   _j
l.899 ... \sum_j |\beta_j|^2 \frac{c^2}{\lamdba_j}
                                                  }
The control sequence at the end of the top line
of your error message was never \def'ed. If you have
misspelled it (e.g., `\hobx'), type `I' and the correct
spelling (e.g., `I\hbox'). Otherwise just continue,
and I'll forget about whatever was undefined.

./Quantum_Computation.tex:901: Undefined control sequence.
<recently read> \epsilons 
                          
l.901 ...ablish dependenace of $t_0$ on $\epsilons
                                                  $ we need the following fa...
The control sequence at the end of the top line
of your error message was never \def'ed. If you have
misspelled it (e.g., `\hobx'), type `I' and the correct
spelling (e.g., `I\hbox'). Otherwise just continue,
and I'll forget about whatever was undefined.

./Quantum_Computation.tex:902: Undefined control sequence.
l.902 ...ambda$ has additive error $\delta(\lamdba
                                                  ) = \eta$ then $\frac{1}{\...
The control sequence at the end of the top line
of your error message was never \def'ed. If you have
misspelled it (e.g., `\hobx'), type `I' and the correct
spelling (e.g., `I\hbox'). Otherwise just continue,
and I'll forget about whatever was undefined.

./Quantum_Computation.tex:902: Undefined control sequence.
<argument> \lamdba 
                   
l.902 ...a( \frac{1}{\lambda})}{\frac{1}{\lamdba}}
                                                   = \frac{\eta}{\lamdba}$\\
The control sequence at the end of the top line
of your error message was never \def'ed. If you have
misspelled it (e.g., `\hobx'), type `I' and the correct
spelling (e.g., `I\hbox'). Otherwise just continue,
and I'll forget about whatever was undefined.

./Quantum_Computation.tex:902: Undefined control sequence.
<argument> \lamdba 
                   
l.902 ...\frac{1}{\lamdba}} = \frac{\eta}{\lamdba}
                                                  $\\
The control sequence at the end of the top line
of your error message was never \def'ed. If you have
misspelled it (e.g., `\hobx'), type `I' and the correct
spelling (e.g., `I\hbox'). Otherwise just continue,
and I'll forget about whatever was undefined.


Underfull \hbox (badness 10000) in paragraph at lines 900--905

 []

[33]
./Quantum_Computation.tex:910: Missing $ inserted.
<inserted text> 
                $
l.910 ...uperposition of all $\lambda_k$ = \lambda
                                                  ' \pm \frac{k}{2^n}$ (peak...
I've inserted a begin-math/end-math symbol since I think
you left one out. Proceed, with fingers crossed.


Underfull \hbox (badness 10000) in paragraph at lines 907--914

 []


Underfull \hbox (badness 10000) in paragraph at lines 907--914

 []


Underfull \hbox (badness 10000) in paragraph at lines 907--914

 []


Underfull \hbox (badness 10000) in paragraph at lines 907--914

 []


Overfull \hbox (5.64032pt too wide) in paragraph at lines 915--915
[]\OT1/cmr/bx/n/12 Clifford com-pu-ta-tions (and clas-si-cal simual-tion of QC) 
 []

[34]
Underfull \hbox (badness 10000) in paragraph at lines 918--928

 []


Underfull \hbox (badness 10000) in paragraph at lines 918--928

 []


Underfull \hbox (badness 10000) in paragraph at lines 918--928

 []


Overfull \hbox (63.65498pt too wide) in paragraph at lines 918--928
[] \OT1/cmr/m/n/10 = [][] \OML/cmm/m/it/10 C[] []$ \OT1/cmr/m/n/10 then in gen-eral you get $\OML/cmm/m/it/10 U [] \OT1/cmr/m/n/10 = [][] \OML/cmm/m/it/10 V[]C[] []$
 []


Underfull \hbox (badness 10000) in paragraph at lines 929--947

 []

[35]
Underfull \hbox (badness 10000) in paragraph at lines 948--950

 []


Underfull \hbox (badness 10000) in paragraph at lines 956--959

 []

[36]
./Quantum_Computation.tex:968: Misplaced alignment tab character &.
l.968 ... input for its universality). R. Sazsen &
                                                   M van den Nest arXic 1305...
I can't figure out why you would want to use a tab mark
here. If you just want an ampersand, the remedy is
simple: Just type `I\&' now. But if some right brace
up above has ended a previous alignment prematurely,
you're probably due for more error messages, and you
might try typing `S' now just to see what is salvageable.


Underfull \hbox (badness 10000) in paragraph at lines 961--971

 []


Underfull \hbox (badness 10000) in paragraph at lines 961--971

 []


Underfull \hbox (badness 10000) in paragraph at lines 961--971

 []


Underfull \hbox (badness 10000) in paragraph at lines 961--971

 []


Underfull \hbox (badness 10000) in paragraph at lines 961--971

 []


Underfull \hbox (badness 10000) in paragraph at lines 961--971

 []


Underfull \hbox (badness 10000) in paragraph at lines 973--984

 []


Underfull \hbox (badness 10000) in paragraph at lines 973--984

 []


Underfull \hbox (badness 10000) in paragraph at lines 973--984

 []


Underfull \hbox (badness 10000) in paragraph at lines 973--984

 []

[37]
Underfull \hbox (badness 10000) in paragraph at lines 986--989

 []


Underfull \hbox (badness 10000) in paragraph at lines 986--989

 []

./Quantum_Computation.tex:993: Illegal parameter number in definition of \reserved@a.
<to be read again> 
                   1
l.993                        \textbf{Attempt #1}
                                                : Measure $\ket{\psi}$ in th...
You meant to type ## instead of #, right?
Or maybe a } was forgotten somewhere earlier, and things
are all screwed up? I'm going to assume that you meant ##.

./Quantum_Computation.tex:993: You can't use `macro parameter character #' in horizontal mode.
<argument> Attempt ##
                     1
l.993                        \textbf{Attempt #1}
                                                : Measure $\ket{\psi}$ in th...
Sorry, but I'm not programmed to handle this case;
I'll just pretend that you didn't ask for it.
If you're in the wrong mode, you might be able to
return to the right one by typing `I}' or `I$' or `I\par'.

./Quantum_Computation.tex:994: Illegal parameter number in definition of \reserved@a.
<to be read again> 
                   2
l.994                        \textbf{Attempt #2}
                                                : Engineer a map $\ket{\psi}...
You meant to type ## instead of #, right?
Or maybe a } was forgotten somewhere earlier, and things
are all screwed up? I'm going to assume that you meant ##.

./Quantum_Computation.tex:994: You can't use `macro parameter character #' in horizontal mode.
<argument> Attempt ##
                     2
l.994                        \textbf{Attempt #2}
                                                : Engineer a map $\ket{\psi}...
Sorry, but I'm not programmed to handle this case;
I'll just pretend that you didn't ask for it.
If you're in the wrong mode, you might be able to
return to the right one by typing `I}' or `I$' or `I\par'.


Underfull \hbox (badness 10000) in paragraph at lines 991--996

 []


Underfull \hbox (badness 10000) in paragraph at lines 991--996

 []

[38] <xymatrix 3x3 310> <xymatrix 5x5 918>
./Quantum_Computation.tex:1014: Misplaced alignment tab character &.
l.1014         N &
                   Syndrome\\
I can't figure out why you would want to use a tab mark
here. If you just want an ampersand, the remedy is
simple: Just type `I\&' now. But if some right brace
up above has ended a previous alignment prematurely,
you're probably due for more error messages, and you
might try typing `S' now just to see what is salvageable.

./Quantum_Computation.tex:1015: Misplaced alignment tab character &.
l.1015         $I \otimes I \otimes I$ &
                                         00\\
I can't figure out why you would want to use a tab mark
here. If you just want an ampersand, the remedy is
simple: Just type `I\&' now. But if some right brace
up above has ended a previous alignment prematurely,
you're probably due for more error messages, and you
might try typing `S' now just to see what is salvageable.

./Quantum_Computation.tex:1016: Misplaced alignment tab character &.
l.1016         $ I \otimes I \otimes X$ &
                                          01\\
I can't figure out why you would want to use a tab mark
here. If you just want an ampersand, the remedy is
simple: Just type `I\&' now. But if some right brace
up above has ended a previous alignment prematurely,
you're probably due for more error messages, and you
might try typing `S' now just to see what is salvageable.

./Quantum_Computation.tex:1017: Misplaced alignment tab character &.
l.1017         $ I \otimes X \otimes I$ &
                                          10\\
I can't figure out why you would want to use a tab mark
here. If you just want an ampersand, the remedy is
simple: Just type `I\&' now. But if some right brace
up above has ended a previous alignment prematurely,
you're probably due for more error messages, and you
might try typing `S' now just to see what is salvageable.

./Quantum_Computation.tex:1018: Misplaced alignment tab character &.
l.1018         $I \otimes X \otimes X$ &
                                         11\\
I can't figure out why you would want to use a tab mark
here. If you just want an ampersand, the remedy is
simple: Just type `I\&' now. But if some right brace
up above has ended a previous alignment prematurely,
you're probably due for more error messages, and you
might try typing `S' now just to see what is salvageable.

./Quantum_Computation.tex:1019: Misplaced alignment tab character &.
l.1019         $ X \otimes I \otimes I$ &
                                          11\\
I can't figure out why you would want to use a tab mark
here. If you just want an ampersand, the remedy is
simple: Just type `I\&' now. But if some right brace
up above has ended a previous alignment prematurely,
you're probably due for more error messages, and you
might try typing `S' now just to see what is salvageable.

./Quantum_Computation.tex:1020: Misplaced alignment tab character &.
l.1020         $ X \otimes I \otimes X$ &
                                          10\\
I can't figure out why you would want to use a tab mark
here. If you just want an ampersand, the remedy is
simple: Just type `I\&' now. But if some right brace
up above has ended a previous alignment prematurely,
you're probably due for more error messages, and you
might try typing `S' now just to see what is salvageable.

./Quantum_Computation.tex:1021: Misplaced alignment tab character &.
l.1021         $ X \otimes X \otimes I$ &
                                          01\\
I can't figure out why you would want to use a tab mark
here. If you just want an ampersand, the remedy is
simple: Just type `I\&' now. But if some right brace
up above has ended a previous alignment prematurely,
you're probably due for more error messages, and you
might try typing `S' now just to see what is salvageable.

./Quantum_Computation.tex:1022: Misplaced alignment tab character &.
l.1022         $ X \otimes X \otimes X$ &
                                          00\\
I can't figure out why you would want to use a tab mark
here. If you just want an ampersand, the remedy is
simple: Just type `I\&' now. But if some right brace
up above has ended a previous alignment prematurely,
you're probably due for more error messages, and you
might try typing `S' now just to see what is salvageable.


Underfull \hbox (badness 10000) in paragraph at lines 1013--1023

 []


Overfull \hbox (11.00366pt too wide) in paragraph at lines 1010--1026
\OT1/cmr/m/n/10 ing cir-cuit per-forms the map $(\OML/cmm/m/it/10  [] \OT1/cmr/m/n/10 + \OML/cmm/m/it/10 ^^L []\OT1/cmr/m/n/10 ) [] [] \OMS/cmsy/m/n/10 ! \OT1/cmr/m/n/10 (\OML/cmm/m/it/10  [] \OT1/cmr/m/n/10 +
 []


Underfull \hbox (badness 10000) in paragraph at lines 1010--1026

 []

[39] <xymatrix 4x3 607> <xymatrix 6x5
./Quantum_Computation.tex:1045: Xy-pic error: in entry "3,6": No [2,0] (is "5,6") from here.
\xyerror@ ...#2}\fi \errmessage {Xy-pic error: #1}
                                                  }
l.1045 }
        
See the Xy-pic manual for further information.

1215>
Overfull \hbox (413.83987pt too wide) detected at line 1050
\OML/cmm/m/it/10  [] \OT1/cmr/m/n/10 + \OML/cmm/m/it/10 ^^L [] \OMS/cmsy/m/n/10 ! []\OML/cmm/m/it/10 \OT1/cmr/m/n/10 ([] + \OML/cmm/m/it/10 ^^L []\OT1/cmr/m/n/10 )([] + []))([] + []) + \OML/cmm/m/it/10 ^^L\OT1/cmr/m/n/10 ([] \OMS/cmsy/m/n/10 ^^@ []\OT1/cmr/m/n/10 )([] \OMS/cmsy/m/n/10 ^^@ []\OT1/cmr/m/n/10 )([] \OMS/cmsy/m/n/10 ^^@ []\OT1/cmr/m/n/10 ) \OMS/cmsy/m/n/10 ! []\OML/cmm/m/it/10 \OT1/cmr/m/n/10 ([] + [])([] + [])([] + []) + \OML/cmm/m/it/10 ^^L\OT1/cmr/m/n/10 ([] \OMS/cmsy/m/n/10 ^^@ []\OT1/cmr/m/n/10 )([] \OMS/cmsy/m/n/10 ^^@ []\OT1/cmr/m/n/10 )([] \OMS/cmsy/m/n/10 ^^@ []\OT1/cmr/m/n/10 )
 []


Underfull \hbox (badness 10000) in paragraph at lines 1050--1055

 []


Underfull \hbox (badness 10000) in paragraph at lines 1050--1055

 []


Underfull \hbox (badness 10000) in paragraph at lines 1050--1055

 []

[40] (./Quantum_Computation.aux) )
(\end occurred inside a group at level 1)

### simple group (level 1) entered at line 518 ({)
### bottom level 
Here is how much of TeX's memory you used:
 4433 strings out of 478599
 54012 string characters out of 5858101
 434603 words of memory out of 5000000
 22264 multiletter control sequences out of 15000+600000
 417412 words of font info for 80 fonts, out of 8000000 for 9000
 1141 hyphenation exceptions out of 8191
 72i,23n,80p,1630b,942s stack positions out of 5000i,500n,10000p,200000b,80000s
{c:/texlive/2021/texmf-dist/fonts/enc/dvips/cm-super/cm-super-ts1.enc}<c:/texlive/2021/texmf-dist/fonts/type1/public/amsfonts/cm/cmbx10.pfb><c:/texlive/2021/texmf-dist/fonts/type1/public/amsfonts/cm/cmbx12.pfb><c:/texlive/2021/texmf-dist/fonts/type1/public/amsfonts/cm/cmex10.pfb><c:/texlive/2021/texmf-dist/fonts/type1/public/amsfonts/cmextra/cmex7.pfb><c:/texlive/2021/texmf-dist/fonts/type1/public/amsfonts/cm/cmmi10.pfb><c:/texlive/2021/texmf-dist/fonts/type1/public/amsfonts/cm/cmmi5.pfb><c:/texlive/2021/texmf-dist/fonts/type1/public/amsfonts/cm/cmmi7.pfb><c:/texlive/2021/texmf-dist/fonts/type1/public/amsfonts/cm/cmmib10.pfb><c:/texlive/2021/texmf-dist/fonts/type1/public/amsfonts/cm/cmr10.pfb><c:/texlive/2021/texmf-dist/fonts/type1/public/amsfonts/cm/cmr12.pfb><c:/texlive/2021/texmf-dist/fonts/type1/public/amsfonts/cm/cmr17.pfb><c:/texlive/2021/texmf-dist/fonts/type1/public/amsfonts/cm/cmr5.pfb><c:/texlive/2021/texmf-dist/fonts/type1/public/amsfonts/cm/cmr7.pfb><c:/texlive/2021/texmf-dist/fonts/type1/public/amsfonts/cm/cmsy10.pfb><c:/texlive/2021/texmf-dist/fonts/type1/public/amsfonts/cm/cmsy5.pfb><c:/texlive/2021/texmf-dist/fonts/type1/public/amsfonts/cm/cmsy7.pfb><c:/texlive/2021/texmf-dist/fonts/type1/public/amsfonts/latxfont/line10.pfb><c:/texlive/2021/texmf-dist/fonts/type1/public/amsfonts/symbols/msbm10.pfb><c:/texlive/2021/texmf-dist/fonts/type1/public/amsfonts/symbols/msbm7.pfb><c:/texlive/2021/texmf-dist/fonts/type1/public/cm-super/sfrm1000.pfb>
Output written on Quantum_Computation.pdf (40 pages, 382651 bytes).
PDF statistics:
 236 PDF objects out of 1000 (max. 8388607)
 152 compressed objects within 2 object streams
 0 named destinations out of 1000 (max. 500000)
 1 words of extra memory for PDF output out of 10000 (max. 10000000)

