This is pdfTeX, Version 3.141592653-2.6-1.40.23 (TeX Live 2021/W32TeX) (preloaded format=pdflatex 2021.8.31)  27 JAN 2022 12:00
entering extended mode
 restricted \write18 enabled.
 file:line:error style messages enabled.
 %&-line parsing enabled.
**Quantum_Foundations_Gravity.tex
(./Quantum_Foundations_Gravity.tex
LaTeX2e <2021-06-01> patch level 1
L3 programming layer <2021-08-27> (c:/texlive/2021/texmf-dist/tex/latex/base/article.cls
Document Class: article 2021/02/12 v1.4n Standard LaTeX document class
(c:/texlive/2021/texmf-dist/tex/latex/base/size10.clo
File: size10.clo 2021/02/12 v1.4n Standard LaTeX file (size option)
)
\c@part=\count182
\c@section=\count183
\c@subsection=\count184
\c@subsubsection=\count185
\c@paragraph=\count186
\c@subparagraph=\count187
\c@figure=\count188
\c@table=\count189
\abovecaptionskip=\skip47
\belowcaptionskip=\skip48
\bibindent=\dimen138
) (c:/texlive/2021/texmf-dist/tex/latex/base/inputenc.sty
Package: inputenc 2021/02/14 v1.3d Input encoding file
\inpenc@prehook=\toks16
\inpenc@posthook=\toks17
) (c:/texlive/2021/texmf-dist/tex/latex/tools/bm.sty
Package: bm 2021/04/25 v1.2e Bold Symbol Support (DPC/FMi)
\symboldoperators=\mathgroup4
\symboldletters=\mathgroup5
\symboldsymbols=\mathgroup6
Package bm Info: No bold for \OMX/cmex/m/n, using \pmb.
LaTeX Font Info:    Redeclaring math alphabet \mathbf on input line 149.
) (c:/texlive/2021/texmf-dist/tex/latex/amsfonts/amssymb.sty
Package: amssymb 2013/01/14 v3.01 AMS font symbols
 (c:/texlive/2021/texmf-dist/tex/latex/amsfonts/amsfonts.sty
Package: amsfonts 2013/01/14 v3.01 Basic AMSFonts support
\@emptytoks=\toks18
\symAMSa=\mathgroup7
\symAMSb=\mathgroup8
LaTeX Font Info:    Redeclaring math symbol \hbar on input line 98.
LaTeX Font Info:    Overwriting math alphabet `\mathfrak' in version `bold'
(Font)                  U/euf/m/n --> U/euf/b/n on input line 106.
)) (c:/texlive/2021/texmf-dist/tex/latex/amsmath/amsmath.sty
Package: amsmath 2021/04/20 v2.17j AMS math features
\@mathmargin=\skip49

For additional information on amsmath, use the `?' option.
(c:/texlive/2021/texmf-dist/tex/latex/amsmath/amstext.sty
Package: amstext 2000/06/29 v2.01 AMS text
 (c:/texlive/2021/texmf-dist/tex/latex/amsmath/amsgen.sty
File: amsgen.sty 1999/11/30 v2.0 generic functions
\@emptytoks=\toks19
\ex@=\dimen139
)) (c:/texlive/2021/texmf-dist/tex/latex/amsmath/amsbsy.sty
Package: amsbsy 1999/11/29 v1.2d Bold Symbols
LaTeX Info: Redefining \boldsymbol on input line 28.
\pmbraise@=\dimen140
) (c:/texlive/2021/texmf-dist/tex/latex/amsmath/amsopn.sty
Package: amsopn 2016/03/08 v2.02 operator names
)
\inf@bad=\count190
LaTeX Info: Redefining \frac on input line 234.
\uproot@=\count191
\leftroot@=\count192
LaTeX Info: Redefining \overline on input line 399.
\classnum@=\count193
\DOTSCASE@=\count194
LaTeX Info: Redefining \ldots on input line 496.
LaTeX Info: Redefining \dots on input line 499.
LaTeX Info: Redefining \cdots on input line 620.
\Mathstrutbox@=\box50
\strutbox@=\box51
\big@size=\dimen141
LaTeX Font Info:    Redeclaring font encoding OML on input line 743.
LaTeX Font Info:    Redeclaring font encoding OMS on input line 744.
\macc@depth=\count195
\c@MaxMatrixCols=\count196
\dotsspace@=\muskip16
\c@parentequation=\count197
\dspbrk@lvl=\count198
\tag@help=\toks20
\row@=\count199
\column@=\count266
\maxfields@=\count267
\andhelp@=\toks21
\eqnshift@=\dimen142
\alignsep@=\dimen143
\tagshift@=\dimen144
\tagwidth@=\dimen145
\totwidth@=\dimen146
\lineht@=\dimen147
\@envbody=\toks22
\multlinegap=\skip50
\multlinetaggap=\skip51
\mathdisplay@stack=\toks23
LaTeX Info: Redefining \[ on input line 2923.
LaTeX Info: Redefining \] on input line 2924.
) (c:/texlive/2021/texmf-dist/tex/latex/braket/braket.sty) (c:/texlive/2021/texmf-dist/tex/latex/cancel/cancel.sty
Package: cancel 2013/04/12 v2.2 Cancel math terms
) (c:/texlive/2021/texmf-dist/tex/latex/l3backend/l3backend-pdftex.def
File: l3backend-pdftex.def 2021-08-04 L3 backend support: PDF output (pdfTeX)
\l__color_backend_stack_int=\count268
\l__pdf_internal_box=\box52
) (./Quantum_Foundations_Gravity.aux)
\openout1 = `Quantum_Foundations_Gravity.aux'.

LaTeX Font Info:    Checking defaults for OML/cmm/m/it on input line 12.
LaTeX Font Info:    ... okay on input line 12.
LaTeX Font Info:    Checking defaults for OMS/cmsy/m/n on input line 12.
LaTeX Font Info:    ... okay on input line 12.
LaTeX Font Info:    Checking defaults for OT1/cmr/m/n on input line 12.
LaTeX Font Info:    ... okay on input line 12.
LaTeX Font Info:    Checking defaults for T1/cmr/m/n on input line 12.
LaTeX Font Info:    ... okay on input line 12.
LaTeX Font Info:    Checking defaults for TS1/cmr/m/n on input line 12.
LaTeX Font Info:    ... okay on input line 12.
LaTeX Font Info:    Checking defaults for OMX/cmex/m/n on input line 12.
LaTeX Font Info:    ... okay on input line 12.
LaTeX Font Info:    Checking defaults for U/cmr/m/n on input line 12.
LaTeX Font Info:    ... okay on input line 12.
LaTeX Font Info:    Trying to load font information for U+msa on input line 14.
 (c:/texlive/2021/texmf-dist/tex/latex/amsfonts/umsa.fd
File: umsa.fd 2013/01/14 v3.01 AMS symbols A
)
LaTeX Font Info:    Trying to load font information for U+msb on input line 14.
 (c:/texlive/2021/texmf-dist/tex/latex/amsfonts/umsb.fd
File: umsb.fd 2013/01/14 v3.01 AMS symbols B
)
Underfull \hbox (badness 10000) in paragraph at lines 17--20

 []


Underfull \hbox (badness 10000) in paragraph at lines 17--20

 []


Underfull \hbox (badness 10000) in paragraph at lines 21--23

 []

./Quantum_Foundations_Gravity.tex:25: Missing $ inserted.
<inserted text> 
                $
l.25 
     
I've inserted a begin-math/end-math symbol since I think
you left one out. Proceed, with fingers crossed.

./Quantum_Foundations_Gravity.tex:25: Display math should end with $$.
<to be read again> 
                   \tex_par:D 
l.25 
     
The `$' that I just saw supposedly matches a previous `$$'.
So I shall assume that you typed `$$' both times.


./Quantum_Foundations_Gravity.tex:26: LaTeX Error: Bad math environment delimiter.

See the LaTeX manual or LaTeX Companion for explanation.
Type  H <return>  for immediate help.
 ...                                              
                                                  
l.26        \end{equation}
                          
Your command was ignored.
Type  I <command> <return>  to replace it with another command,
or  <return>  to continue without it.

./Quantum_Foundations_Gravity.tex:26: You can't use `\eqno' in vertical mode.
\endmathdisplay@a ...\df@tag \@empty \else \veqno 
                                                  \alt@tag \df@tag \fi \ifx ...
l.26        \end{equation}
                          
Sorry, but I'm not programmed to handle this case;
I'll just pretend that you didn't ask for it.
If you're in the wrong mode, you might be able to
return to the right one by typing `I}' or `I$' or `I\par'.

./Quantum_Foundations_Gravity.tex:26: Missing $ inserted.
<inserted text> 
                $
l.26        \end{equation}
                          
I've inserted something that you may have forgotten.
(See the <inserted text> above.)
With luck, this will get me unwedged. But if you
really didn't forget anything, try typing `2' now; then
my insertion and my current dilemma will both disappear.

./Quantum_Foundations_Gravity.tex:26: Display math should end with $$.
<to be read again> 
                   \endgroup 
l.26        \end{equation}
                          
The `$' that I just saw supposedly matches a previous `$$'.
So I shall assume that you typed `$$' both times.

[1

{c:/texlive/2021/texmf-var/fonts/map/pdftex/updmap/pdftex.map}]
Underfull \hbox (badness 10000) in paragraph at lines 26--31

 []


Underfull \hbox (badness 10000) in paragraph at lines 26--31

 []


Underfull \hbox (badness 10000) in paragraph at lines 26--31

 []

./Quantum_Foundations_Gravity.tex:32: Undefined control sequence.
<argument> i \hbar \parital 
                            \psi 
l.32 ...- \frac{i \hbar \parital \psi}{\partial t}
                                                  
The control sequence at the end of the top line
of your error message was never \def'ed. If you have
misspelled it (e.g., `\hobx'), type `I' and the correct
spelling (e.g., `I\hbox'). Otherwise just continue,
and I'll forget about whatever was undefined.


Overfull \hbox (18.4131pt too wide) detected at line 33
\OML/cmm/m/it/10 H \OT1/cmr/m/n/10 (\OML/cmm/b/it/10 x[]\OML/cmm/m/it/10 ; \OML/cmm/b/it/10 x[]\OML/cmm/m/it/10 ; [] ; \OML/cmm/b/it/10 x[]\OML/cmm/m/it/10 ; t\OT1/cmr/m/n/10 ) = (\OMS/cmsy/m/n/10 ^^@ [] []r[] \OT1/cmr/m/n/10 + \OML/cmm/m/it/10 V\OT1/cmr/m/n/10 (\OML/cmm/b/it/10 x[]\OML/cmm/m/it/10 ; [] ; \OML/cmm/b/it/10 x[]\OT1/cmr/m/n/10 ))\OML/cmm/m/it/10  \OT1/cmr/m/n/10 (\OML/cmm/b/it/10 x[]\OML/cmm/m/it/10 ; \OML/cmm/b/it/10 x[]\OML/cmm/m/it/10 ; [] ; \OML/cmm/b/it/10 x[]\OML/cmm/m/it/10 ; t\OT1/cmr/m/n/10 ) = \OMS/cmsy/m/n/10 ^^@[]
 []


Underfull \hbox (badness 10000) in paragraph at lines 33--38

 []


Overfull \hbox (6.77448pt too wide) in paragraph at lines 33--38
\OT1/cmr/m/n/10 We could use $\OML/cmm/m/it/10 V\OT1/cmr/m/n/10 (\OML/cmm/b/it/10 x[]\OML/cmm/m/it/10 ; \OML/cmm/b/it/10 x[]\OT1/cmr/m/n/10 ) \OMS/cmsy/m/n/10 ^^X []$\OT1/cmr/m/n/10 . THis gives 4 dif-fer-ent terms $\OML/cmm/m/it/10 V[]; V[]V[]; V[]$
 []


Underfull \hbox (badness 10000) in paragraph at lines 33--38

 []


Underfull \hbox (badness 10000) in paragraph at lines 33--38

 []


Underfull \hbox (badness 10000) in paragraph at lines 33--38

 []

[2]
Underfull \hbox (badness 10000) in paragraph at lines 45--47

 []

./Quantum_Foundations_Gravity.tex:60: Missing $ inserted.
<inserted text> 
                $
l.60 ... two or more identifible subsystems $S= S_
                                                  1 + S_2$. Maybe separated,...
I've inserted a begin-math/end-math symbol since I think
you left one out. Proceed, with fingers crossed.


Underfull \hbox (badness 10000) in paragraph at lines 53--61

 []


Overfull \hbox (566.67815pt too wide) in paragraph at lines 53--61
\OMS/cmsy/m/n/10 j [] \OML/cmm/m/it/10 P[] [] \OMS/cmsy/m/n/10 j \OT1/cmr/m/n/10 = \OMS/cmsy/m/n/10 j\OML/cmm/m/it/10 P[] [] \OMS/cmsy/m/n/10 j[]\OML/cmm/m/it/10 :Thereisnoguaranteethatthiswillsatisfythesamealgebra:AssoonaswemodifytheBornruleweneedanewtreamentofmixedstatesandensembles:Asdensitymatricesarenolongerequivalent:[] 
 []


Overfull \hbox (1853.10524pt too wide) in paragraph at lines 53--61
\OML/cmm/m/it/10 Istherealwaysapurestatewejustdon[]tknowwhichoneorwastheinitialsateoftheuniversemixed:Isitanimproperorapropermixture\OT1/cmr/m/n/10 ?\OML/cmm/m/it/10 Canpropermixedstateeverobjectivelydescirberealphysicalstates\OT1/cmr/m/n/10 ?\OML/cmm/m/it/10 Itisapropermixtureifitisanensembleofpurestates; ratherthanamixtureofstatesthatarepartiallyentangledwitheachother:Itisaquestionwhethertheprobablisticmixtureisalwaysareflectionofoursubjectiveignoranceofsomeobjectivefacts:Thedesnitymatrixevolutionlawandmeasurementpostulateareself \OMS/cmsy/m/n/10 ^^@
 []


Overfull \hbox (257.0361pt too wide) in paragraph at lines 53--61
\OML/cmm/m/it/10 containedandconsistent; soitmakeslogicalsesnetopostulateaninitiallymixedstatethat\OT1/cmr/m/n/10 (\OML/cmm/m/it/10 dependingonmeasuremnts\OT1/cmr/m/n/10 )\OML/cmm/m/it/10 maystaymixedforever:[] 
 []


Overfull \hbox (9.4281pt too wide) in paragraph at lines 53--61
\OML/cmm/m/it/10 weareinterestedinsystemscopmprisingtwoormoreidentifiblesubsystems$\OT1/cmr/m/n/10 S= S$[] +
 []

[3]
./Quantum_Foundations_Gravity.tex:70: Missing } inserted.
<inserted text> 
                }
l.70 ...i}$ is a density matrix on $\mathcal{H}_2}
                                                  $\\
I've inserted something that you may have forgotten.
(See the <inserted text> above.)
With luck, this will get me unwedged. But if you
really didn't forget anything, try typing `2' now; then
my insertion and my current dilemma will both disappear.

./Quantum_Foundations_Gravity.tex:70: Missing } inserted.
<inserted text> 
                }
l.70 ...i}$ is a density matrix on $\mathcal{H}_2}
                                                  $\\
I've inserted something that you may have forgotten.
(See the <inserted text> above.)
With luck, this will get me unwedged. But if you
really didn't forget anything, try typing `2' now; then
my insertion and my current dilemma will both disappear.

./Quantum_Foundations_Gravity.tex:70: Extra }, or forgotten $.
\ket #1->\mathinner {|{#1}
                          \rangle }
l.70 ...i}$ is a density matrix on $\mathcal{H}_2}
                                                  $\\
I've deleted a group-closing symbol because it seems to be
spurious, as in `$x}$'. But perhaps the } is legitimate and
you forgot something else, as in `\hbox{$x}'. In such cases
the way to recover is to insert both the forgotten and the
deleted material, e.g., by typing `I$}'.

./Quantum_Foundations_Gravity.tex:70: Extra }, or forgotten $.
\ket #1->\mathinner {|{#1}\rangle }
                                   
l.70 ...i}$ is a density matrix on $\mathcal{H}_2}
                                                  $\\
I've deleted a group-closing symbol because it seems to be
spurious, as in `$x}$'. But perhaps the } is legitimate and
you forgot something else, as in `\hbox{$x}'. In such cases
the way to recover is to insert both the forgotten and the
deleted material, e.g., by typing `I$}'.


Underfull \hbox (badness 10000) in paragraph at lines 70--74

 []

[4] (./Quantum_Foundations_Gravity.aux) ) 
Here is how much of TeX's memory you used:
 1782 strings out of 478599
 23162 string characters out of 5858101
 323272 words of memory out of 5000000
 19668 multiletter control sequences out of 15000+600000
 416204 words of font info for 74 fonts, out of 8000000 for 9000
 1141 hyphenation exceptions out of 8191
 56i,6n,66p,947b,225s stack positions out of 5000i,500n,10000p,200000b,80000s
<c:/texlive/2021/texmf-dist/fonts/type1/public/amsfonts/cm/cmbx10.pfb><c:/texlive/2021/texmf-dist/fonts/type1/public/amsfonts/cm/cmbx12.pfb><c:/texlive/2021/texmf-dist/fonts/type1/public/amsfonts/cm/cmex10.pfb><c:/texlive/2021/texmf-dist/fonts/type1/public/amsfonts/cm/cmmi10.pfb><c:/texlive/2021/texmf-dist/fonts/type1/public/amsfonts/cm/cmmi5.pfb><c:/texlive/2021/texmf-dist/fonts/type1/public/amsfonts/cm/cmmi7.pfb><c:/texlive/2021/texmf-dist/fonts/type1/public/amsfonts/cm/cmmib10.pfb><c:/texlive/2021/texmf-dist/fonts/type1/public/amsfonts/cmextra/cmmib7.pfb><c:/texlive/2021/texmf-dist/fonts/type1/public/amsfonts/cm/cmr10.pfb><c:/texlive/2021/texmf-dist/fonts/type1/public/amsfonts/cm/cmr12.pfb><c:/texlive/2021/texmf-dist/fonts/type1/public/amsfonts/cm/cmr17.pfb><c:/texlive/2021/texmf-dist/fonts/type1/public/amsfonts/cm/cmr5.pfb><c:/texlive/2021/texmf-dist/fonts/type1/public/amsfonts/cm/cmr7.pfb><c:/texlive/2021/texmf-dist/fonts/type1/public/amsfonts/cm/cmsy10.pfb><c:/texlive/2021/texmf-dist/fonts/type1/public/amsfonts/cm/cmsy5.pfb><c:/texlive/2021/texmf-dist/fonts/type1/public/amsfonts/cm/cmsy7.pfb><c:/texlive/2021/texmf-dist/fonts/type1/public/amsfonts/symbols/msbm10.pfb><c:/texlive/2021/texmf-dist/fonts/type1/public/amsfonts/symbols/msbm7.pfb>
Output written on Quantum_Foundations_Gravity.pdf (4 pages, 194391 bytes).
PDF statistics:
 107 PDF objects out of 1000 (max. 8388607)
 64 compressed objects within 1 object stream
 0 named destinations out of 1000 (max. 500000)
 1 words of extra memory for PDF output out of 10000 (max. 10000000)

